<?xml version="1.0" encoding="UTF-8" ?>
<testsuite tests="1" failures="0" name="Test1" time="0.003" errors="0" skipped="0">
  <properties>
    <property name="idea.version" value="2022.3.3"/>
    <property name="java.runtime.name" value="Java(TM) SE Runtime Environment"/>
    <property name="sun.boot.library.path" value="D:\Environment\Java\jdk1.8.0_281\jre\bin"/>
    <property name="java.vm.version" value="25.281-b09"/>
    <property name="maven.wagon.http.ssl.insecure" value="true"/>
    <property name="java.vm.vendor" value="Oracle Corporation"/>
    <property name="maven.multiModuleProjectDirectory" value="D:\Temp\Serializable"/>
    <property name="java.vendor.url" value="http://java.oracle.com/"/>
    <property name="path.separator" value=";"/>
    <property name="guice.disable.misplaced.annotation.check" value="true"/>
    <property name="java.vm.name" value="Java HotSpot(TM) 64-Bit Server VM"/>
    <property name="file.encoding.pkg" value="sun.io"/>
    <property name="user.script" value=""/>
    <property name="user.country" value="CN"/>
    <property name="sun.java.launcher" value="SUN_STANDARD"/>
    <property name="sun.os.patch.level" value=""/>
    <property name="java.vm.specification.name" value="Java Virtual Machine Specification"/>
    <property name="user.dir" value="D:\Temp\Serializable"/>
    <property name="java.runtime.version" value="1.8.0_281-b09"/>
    <property name="java.awt.graphicsenv" value="sun.awt.Win32GraphicsEnvironment"/>
    <property name="java.endorsed.dirs" value="D:\Environment\Java\jdk1.8.0_281\jre\lib\endorsed"/>
    <property name="os.arch" value="amd64"/>
    <property name="java.io.tmpdir" value="C:\Users\admin\AppData\Local\Temp\"/>
    <property name="line.separator" value="
"/>
    <property name="java.vm.specification.vendor" value="Oracle Corporation"/>
    <property name="user.variant" value=""/>
    <property name="os.name" value="Windows 10"/>
    <property name="maven.ext.class.path" value="D:\Program Files\JetBrains\IntelliJ IDEA 2022.2\plugins\maven\lib\maven-event-listener.jar"/>
    <property name="archetypeCatalog" value="internal"/>
    <property name="classworlds.conf" value="D:\Environment\Java\maven\apache-maven-3.6.3\bin\m2.conf"/>
    <property name="sun.jnu.encoding" value="GBK"/>
    <property name="java.library.path" value="D:\Environment\Java\jdk1.8.0_281\bin;C:\WINDOWS\Sun\Java\bin;C:\WINDOWS\system32;C:\WINDOWS;D:\Program Files (x86)\VMware\VMware Workstation\bin\;C:\Program Files (x86)\Common Files\Oracle\Java\javapath;D:\Environment\Python3.10\Scripts\;D:\Environment\Python3.10\;D:\Environment\Java\jdk1.8.0_281\bin;D:\Environment\Java\jdk1.8.0_281\jre\bin;C:\WINDOWS\system32;C:\WINDOWS;C:\WINDOWS\System32\Wbem;C:\WINDOWS\System32\WindowsPowerShell\v1.0\;C:\WINDOWS\System32\OpenSSH\;D:\Environment\MySQL\mysql-5.7.34-winx64\bin;D:\SoftWare\NetSarang\Xshell 7\;D:\SoftWare\NetSarang\Xftp 7\;D:\SoftWare\nmap-7.92;D:\Environment\mysql-5.7.36-winx64\bin;D:\SoftWare\sqlmap\;D:\Environment\Go\bin;D:\SoftWare\Xray;D:\Environment\apache-tomcat-8.5.79\bin\;D:\Environment\Java\maven\apache-maven-3.8.6\bin\;C:\ProgramData\chocolatey\bin;D:\Environment\nvm;D:\Environment\nodejs;D:\Program Files\Git\cmd;D:\Environment\nodejs\node_modules;D:\Environment\Gradle\gradle-7.4\bin;D:\SoftWare\scrcpy-win64-v1.24;D:\Program Files\PowerShell\7\;D:\Environment\Scoop\shims;C:\Users\admin\scoop\shims;D:\Environment\Python\Python39\Scripts\;D:\Environment\Python\Python39\;C:\Users\admin\AppData\Local\Microsoft\WindowsApps;C:\SoftWare\JetBrains\PyCharm 2021.2\bin;C:\SoftWare\mingw-w64\x86_64-8.1.0-posix-seh-rt_v6-rev0\mingw64\bin;C:\Users\admin\AppData\Local\Microsoft\WindowsApps;D:\Program Files\JetBrains\WebStorm 2022.2.2\bin;;C:\Users\admin\go\bin;D:\Environment\nvm;D:\Environment\nodejs;D:\Users\admin\AppData\Local\Programs\Microsoft VS Code\bin;D:\SoftWare\Nmap;D:\Environment\noderep;;."/>
    <property name="jansi.passthrough" value="true"/>
    <property name="maven.conf" value="D:\Environment\Java\maven\apache-maven-3.6.3/conf"/>
    <property name="java.class.version" value="52.0"/>
    <property name="java.specification.name" value="Java Platform API Specification"/>
    <property name="sun.management.compiler" value="HotSpot 64-Bit Tiered Compilers"/>
    <property name="maven.repo.local" value="D:\Environment\Java\maven\repository"/>
    <property name="os.version" value="10.0"/>
    <property name="maven.wagon.http.ssl.allowall" value="true"/>
    <property name="user.home" value="C:\Users\admin"/>
    <property name="user.timezone" value="Asia/Shanghai"/>
    <property name="java.awt.printerjob" value="sun.awt.windows.WPrinterJob"/>
    <property name="java.specification.version" value="1.8"/>
    <property name="file.encoding" value="GBK"/>
    <property name="user.name" value="admin"/>
    <property name="java.class.path" value="D:\Environment\Java\maven\apache-maven-3.6.3\boot\plexus-classworlds-2.6.0.jar;D:\Environment\Java\maven\apache-maven-3.6.3\boot\plexus-classworlds.license"/>
    <property name="java.vm.specification.version" value="1.8"/>
    <property name="sun.arch.data.model" value="64"/>
    <property name="java.home" value="D:\Environment\Java\jdk1.8.0_281\jre"/>
    <property name="sun.java.command" value="org.codehaus.classworlds.Launcher -Didea.version=2022.3.3 -s D:\Environment\Java\maven\apache-maven-3.8.6\conf\settings.xml -Dmaven.repo.local=D:\Environment\Java\maven\repository install --non-recursive"/>
    <property name="java.specification.vendor" value="Oracle Corporation"/>
    <property name="user.language" value="zh"/>
    <property name="awt.toolkit" value="sun.awt.windows.WToolkit"/>
    <property name="java.vm.info" value="mixed mode"/>
    <property name="java.version" value="1.8.0_281"/>
    <property name="java.ext.dirs" value="D:\Environment\Java\jdk1.8.0_281\jre\lib\ext;C:\WINDOWS\Sun\Java\lib\ext"/>
    <property name="sun.boot.class.path" value="D:\Environment\Java\jdk1.8.0_281\jre\lib\resources.jar;D:\Environment\Java\jdk1.8.0_281\jre\lib\rt.jar;D:\Environment\Java\jdk1.8.0_281\jre\lib\sunrsasign.jar;D:\Environment\Java\jdk1.8.0_281\jre\lib\jsse.jar;D:\Environment\Java\jdk1.8.0_281\jre\lib\jce.jar;D:\Environment\Java\jdk1.8.0_281\jre\lib\charsets.jar;D:\Environment\Java\jdk1.8.0_281\jre\lib\jfr.jar;D:\Environment\Java\jdk1.8.0_281\jre\classes"/>
    <property name="maven.wagon.http.ssl.ignore.validity.dates" value="true"/>
    <property name="java.vendor" value="Oracle Corporation"/>
    <property name="maven.home" value="D:\Environment\Java\maven\apache-maven-3.6.3"/>
    <property name="file.separator" value="\"/>
    <property name="java.vendor.url.bug" value="http://bugreport.sun.com/bugreport/"/>
    <property name="sun.cpu.endian" value="little"/>
    <property name="sun.io.unicode.encoding" value="UnicodeLittle"/>
    <property name="sun.desktop" value="windows"/>
    <property name="sun.cpu.isalist" value="amd64"/>
  </properties>
  <testcase classname="Test1" name="test1" time="0.003"/>
</testsuite>